<?xml version="1.0" encoding="UTF-8"?>
<testsuite name="Visa Confirmation Test"
           tests="3"
           failures="0"
           errors="0"
           skipped="0"
           time="3.410">
  <properties />
  
  
            <testcase name="anAustralianComingToUKForTourism" time="0.655" classname="gov.uk.check.visa.testsuite.VisaConfirmationTest" />
                <testcase name="aChileanComingToTheUKForWorkAndPlansOnStayingForLongerThanSixMonths" time="1.508" classname="gov.uk.check.visa.testsuite.VisaConfirmationTest" />
                <testcase name="aColumbianNationalComingToTheUKToJoinAPartnerForALongStayTheyDoHaveAnArticle10Or20Card" time="1.247" classname="gov.uk.check.visa.testsuite.VisaConfirmationTest" />
      
</testsuite>
